<?xml version="1.0" encoding="UTF-8"?>
<!-- Generated by org.testng.reporters.JUnitReportReporter -->
<testsuite hostname="DESKTOP-LDVN3B6" failures="0" tests="1" name="cucumberOptions.TestNGRunner" time="15.548" errors="0" timestamp="2024-07-03T01:17:23 IST" skipped="0">
  <testcase classname="cucumberOptions.TestNGRunner" name="runScenario" time="15.548"/>
</testsuite> <!-- cucumberOptions.TestNGRunner -->
